<?xml version="1.0" encoding="UTF-8"?>
<!-- Generated by org.testng.reporters.JUnitXMLReporter -->
<testsuite ignored="0" hostname="LAPTOP-HEGI0R39" failures="0" tests="10" name="Default test" time="22.727" errors="0" timestamp="2023-04-11T15:36:57 IST">
  <testcase classname="api.test.DDTests" name="testPostUser" time="4.134"/>
  <testcase classname="api.test.DDTests" name="testPostUser" time="1.157"/>
  <testcase classname="api.test.DDTests" name="testPostUser" time="1.193"/>
  <testcase classname="api.test.DDTests" name="testPostUser" time="1.133"/>
  <testcase classname="api.test.DDTests" name="testPostUser" time="1.212"/>
  <testcase classname="api.test.DDTests" name="testDeleteUserByName" time="1.292"/>
  <testcase classname="api.test.DDTests" name="testDeleteUserByName" time="1.922"/>
  <testcase classname="api.test.DDTests" name="testDeleteUserByName" time="2.463"/>
  <testcase classname="api.test.DDTests" name="testDeleteUserByName" time="2.957"/>
  <testcase classname="api.test.DDTests" name="testDeleteUserByName" time="2.312"/>
</testsuite> <!-- Default test -->
