<?xml version="1.0" encoding="UTF-8"?>
<testng-results ignored="0" total="4" passed="4" failed="0" skipped="0">
  <reporter-output>
  </reporter-output>
  <suite started-at="2023-04-12T22:22:21 IST" name="PetSuite" finished-at="2023-04-12T22:22:33 IST" duration-ms="11581">
    <groups>
    </groups>
    <test started-at="2023-04-12T22:22:21 IST" name="PetTests" finished-at="2023-04-12T22:22:33 IST" duration-ms="11581">
      <class name="api.test.UserTests">
        <test-method is-config="true" signature="setupData()[pri:0, instance:api.test.UserTests@6580cfdd]" started-at="2023-04-12T22:22:22 IST" name="setupData" finished-at="2023-04-12T22:22:23 IST" duration-ms="1272" status="PASS">
          <reporter-output>
          </reporter-output>
        </test-method> <!-- setupData -->
        <test-method signature="testPostUser()[pri:1, instance:api.test.UserTests@6580cfdd]" started-at="2023-04-12T22:22:23 IST" name="testPostUser" finished-at="2023-04-12T22:22:28 IST" duration-ms="4628" status="PASS">
          <reporter-output>
          </reporter-output>
        </test-method> <!-- testPostUser -->
        <test-method signature="testGetUserByName()[pri:2, instance:api.test.UserTests@6580cfdd]" started-at="2023-04-12T22:22:28 IST" name="testGetUserByName" finished-at="2023-04-12T22:22:29 IST" duration-ms="1630" status="PASS">
          <reporter-output>
          </reporter-output>
        </test-method> <!-- testGetUserByName -->
        <test-method signature="testUpdateUserByName()[pri:3, instance:api.test.UserTests@6580cfdd]" started-at="2023-04-12T22:22:29 IST" name="testUpdateUserByName" finished-at="2023-04-12T22:22:32 IST" duration-ms="2394" status="PASS">
          <reporter-output>
          </reporter-output>
        </test-method> <!-- testUpdateUserByName -->
        <test-method signature="testDeleteUser()[pri:4, instance:api.test.UserTests@6580cfdd]" started-at="2023-04-12T22:22:32 IST" name="testDeleteUser" finished-at="2023-04-12T22:22:33 IST" duration-ms="1137" status="PASS">
          <reporter-output>
          </reporter-output>
        </test-method> <!-- testDeleteUser -->
      </class> <!-- api.test.UserTests -->
    </test> <!-- PetTests -->
  </suite> <!-- PetSuite -->
</testng-results>
