<?xml version="1.0" encoding="UTF-8"?>
<testng-results ignored="0" total="4" passed="4" failed="0" skipped="0">
  <reporter-output>
  </reporter-output>
  <suite started-at="2023-04-12T17:20:13 IST" name="PetSuite" finished-at="2023-04-12T17:20:24 IST" duration-ms="10892">
    <groups>
    </groups>
    <test started-at="2023-04-12T17:20:13 IST" name="PetTests" finished-at="2023-04-12T17:20:24 IST" duration-ms="10892">
      <class name="api.test.UserTests">
        <test-method is-config="true" signature="setupData()[pri:0, instance:api.test.UserTests@4659191b]" started-at="2023-04-12T17:20:13 IST" name="setupData" finished-at="2023-04-12T17:20:15 IST" duration-ms="1138" status="PASS">
          <reporter-output>
          </reporter-output>
        </test-method> <!-- setupData -->
        <test-method signature="testPostUser()[pri:1, instance:api.test.UserTests@4659191b]" started-at="2023-04-12T17:20:15 IST" name="testPostUser" finished-at="2023-04-12T17:20:19 IST" duration-ms="4501" status="PASS">
          <reporter-output>
          </reporter-output>
        </test-method> <!-- testPostUser -->
        <test-method signature="testGetUserByName()[pri:2, instance:api.test.UserTests@4659191b]" started-at="2023-04-12T17:20:19 IST" name="testGetUserByName" finished-at="2023-04-12T17:20:20 IST" duration-ms="1226" status="PASS">
          <reporter-output>
          </reporter-output>
        </test-method> <!-- testGetUserByName -->
        <test-method signature="testUpdateUserByName()[pri:3, instance:api.test.UserTests@4659191b]" started-at="2023-04-12T17:20:20 IST" name="testUpdateUserByName" finished-at="2023-04-12T17:20:23 IST" duration-ms="2351" status="PASS">
          <reporter-output>
          </reporter-output>
        </test-method> <!-- testUpdateUserByName -->
        <test-method signature="testDeleteUser()[pri:4, instance:api.test.UserTests@4659191b]" started-at="2023-04-12T17:20:23 IST" name="testDeleteUser" finished-at="2023-04-12T17:20:24 IST" duration-ms="1144" status="PASS">
          <reporter-output>
          </reporter-output>
        </test-method> <!-- testDeleteUser -->
      </class> <!-- api.test.UserTests -->
    </test> <!-- PetTests -->
  </suite> <!-- PetSuite -->
</testng-results>
