<?xml version="1.0" encoding="UTF-8"?>
<!-- Generated by org.testng.reporters.JUnitXMLReporter -->
<testsuite ignored="0" hostname="LAPTOP-HEGI0R39" failures="0" tests="4" name="PetTests" time="11.581" errors="0" timestamp="2023-04-12T22:22:33 IST">
  <testcase classname="api.test.UserTests" name="testPostUser" time="4.628"/>
  <testcase classname="api.test.UserTests" name="testGetUserByName" time="1.63"/>
  <testcase classname="api.test.UserTests" name="testUpdateUserByName" time="2.394"/>
  <testcase classname="api.test.UserTests" name="testDeleteUser" time="1.137"/>
</testsuite> <!-- PetTests -->
