<?xml version="1.0" encoding="UTF-8"?>
<!-- Generated by org.testng.reporters.JUnitXMLReporter -->
<testsuite ignored="0" hostname="LAPTOP-HEGI0R39" failures="0" tests="4" name="PetTests" time="10.892" errors="0" timestamp="2023-04-12T17:20:24 IST">
  <testcase classname="api.test.UserTests" name="testPostUser" time="4.501"/>
  <testcase classname="api.test.UserTests" name="testGetUserByName" time="1.226"/>
  <testcase classname="api.test.UserTests" name="testUpdateUserByName" time="2.351"/>
  <testcase classname="api.test.UserTests" name="testDeleteUser" time="1.144"/>
</testsuite> <!-- PetTests -->
